<?xml version="1.0" encoding="UTF-8"?>
<testsuite xmlns:xsi="http://www.w3.org/2001/XMLSchema-instance" xsi:noNamespaceSchemaLocation="https://maven.apache.org/surefire/maven-surefire-plugin/xsd/surefire-test-report-3.0.xsd" version="3.0" name="com.practice.springbootmybatisexampleproject.SpringbootMybatisExampleprojectApplicationTests" time="3.809" tests="1" errors="0" skipped="0" failures="0">
  <properties>
[...]
</properties>
  <testcase name="test01" classname="com.practice.springbootmybatisexampleproject.SpringbootMybatisExampleprojectApplicationTests" time="1.054">
    <system-out><![CDATA[16:57:05.399 [main] INFO org.springframework.test.context.support.AnnotationConfigContextLoaderUtils -- Could not detect default configuration classes for test class [com.practice.springbootmybatisexampleproject.SpringbootMybatisExampleprojectApplicationTests]: SpringbootMybatisExampleprojectApplicationTests does not declare any static, non-private, non-final, nested classes annotated with @Configuration.
16:57:05.497 [main] INFO org.springframework.boot.test.context.SpringBootTestContextBootstrapper -- Found @SpringBootConfiguration com.practice.springbootmybatisexampleproject.SpringbootMybatisExampleprojectApplication for test class com.practice.springbootmybatisexampleproject.SpringbootMybatisExampleprojectApplicationTests

  .   ____          _            __ _ _
 /\\ / ___'_ __ _ _(_)_ __  __ _ \ \ \ \
( ( )\___ | '_ | '_| | '_ \/ _` | \ \ \ \
 \\/  ___)| |_)| | | | | || (_| |  ) ) ) )
  '  |____| .__|_| |_|_| |_\__, | / / / /
 =========|_|==============|___/=/_/_/_/
 :: Spring Boot ::                (v3.2.5)

2026-01-22T16:57:05.946+08:00  INFO 27316 --- [springboot-mybatis-exampleproject] [           main] ootMybatisExampleprojectApplicationTests : Starting SpringbootMybatisExampleprojectApplicationTests using Java 17.0.16 with PID 27316 (started by changan in G:\zkm\coding\java\java_web\springboot-mybatis-exampleproject)
2026-01-22T16:57:05.947+08:00  INFO 27316 --- [springboot-mybatis-exampleproject] [           main] ootMybatisExampleprojectApplicationTests : No active profile set, falling back to 1 default profile: "default"
Logging initialized using 'class org.apache.ibatis.logging.stdout.StdOutImpl' adapter.
2026-01-22T16:57:07.969+08:00  INFO 27316 --- [springboot-mybatis-exampleproject] [           main] ootMybatisExampleprojectApplicationTests : Started SpringbootMybatisExampleprojectApplicationTests in 2.315 seconds (process running for 3.276)
eyJhbGciOiJIUzI1NiJ9.eyJpZCI6MSwiZXhwIjoxNzY5MDczMjI4LCJ1c2VybmFtZSI6InRvbSJ9.C_yQRs-qespH7LGuiP7ip-_dAriqYOO8GCKnKpmrFfM
]]></system-out>
  </testcase>
</testsuite>