<?xml version="1.0" encoding="UTF-8"?>
<testsuite xmlns:xsi="http://www.w3.org/2001/XMLSchema-instance" xsi:noNamespaceSchemaLocation="https://maven.apache.org/surefire/maven-surefire-plugin/xsd/surefire-test-report.xsd" version="3.0.2" name="com.practice.springmybatisquick.SpringMybatisQuickApplicationTests" time="3.018" tests="1" errors="0" skipped="0" failures="0">
  <properties>
[...]
</properties>
  <testcase name="testListUser" classname="com.practice.springmybatisquick.SpringMybatisQuickApplicationTests" time="1.408">
    <system-out><![CDATA[15:36:59.488 [main] INFO org.springframework.test.context.support.AnnotationConfigContextLoaderUtils -- Could not detect default configuration classes for test class [com.practice.springmybatisquick.SpringMybatisQuickApplicationTests]: SpringMybatisQuickApplicationTests does not declare any static, non-private, non-final, nested classes annotated with @Configuration.
15:36:59.588 [main] INFO org.springframework.boot.test.context.SpringBootTestContextBootstrapper -- Found @SpringBootConfiguration com.practice.springmybatisquick.SpringMybatisQuickApplication for test class com.practice.springmybatisquick.SpringMybatisQuickApplicationTests

  .   ____          _            __ _ _
 /\\ / ___'_ __ _ _(_)_ __  __ _ \ \ \ \
( ( )\___ | '_ | '_| | '_ \/ _` | \ \ \ \
 \\/  ___)| |_)| | | | | || (_| |  ) ) ) )
  '  |____| .__|_| |_|_| |_\__, | / / / /
 =========|_|==============|___/=/_/_/_/

 :: Spring Boot ::                (v4.0.1)

2026-01-13T15:37:00.008+08:00  INFO 18932 --- [spring-mybatis-quick] [           main] c.p.s.SpringMybatisQuickApplicationTests : Starting SpringMybatisQuickApplicationTests using Java 17.0.16 with PID 18932 (started by changan in G:\zkm\coding\java\java_web\spring-mybatis-quick)
2026-01-13T15:37:00.010+08:00  INFO 18932 --- [spring-mybatis-quick] [           main] c.p.s.SpringMybatisQuickApplicationTests : No active profile set, falling back to 1 default profile: "default"
2026-01-13T15:37:00.862+08:00  INFO 18932 --- [spring-mybatis-quick] [           main] c.p.s.SpringMybatisQuickApplicationTests : Started SpringMybatisQuickApplicationTests in 1.129 seconds (process running for 2.318)
2026-01-13T15:37:01.816+08:00  INFO 18932 --- [spring-mybatis-quick] [           main] com.zaxxer.hikari.HikariDataSource       : HikariPool-1 - Starting...
2026-01-13T15:37:02.215+08:00  INFO 18932 --- [spring-mybatis-quick] [           main] com.zaxxer.hikari.pool.HikariPool        : HikariPool-1 - Added connection com.mysql.cj.jdbc.ConnectionImpl@5341e71a
2026-01-13T15:37:02.217+08:00  INFO 18932 --- [spring-mybatis-quick] [           main] com.zaxxer.hikari.HikariDataSource       : HikariPool-1 - Start completed.
User{id=1, name='白眉鹰王', age=55, gender='1', phone='18800000000'}
User{id=2, name='金毛狮王', age=45, gender='1', phone='18800000001'}
User{id=3, name='青翼蝠王', age=38, gender='1', phone='18800000002'}
User{id=4, name='紫衫龙王', age=42, gender='2', phone='18800000003'}
User{id=5, name='光明左使', age=37, gender='1', phone='18800000004'}
User{id=6, name='光明右使', age=48, gender='1', phone='18800000005'}
]]></system-out>
  </testcase>
</testsuite>