<?xml version="1.0" encoding="UTF-8"?>
<testsuite xmlns:xsi="http://www.w3.org/2001/XMLSchema-instance" xsi:noNamespaceSchemaLocation="https://maven.apache.org/surefire/maven-surefire-plugin/xsd/surefire-test-report.xsd" name="com.itheima.SpringbootMybatisCrudApplicationTests" time="2.546" tests="2" errors="0" skipped="0" failures="0">
  <properties>
[...]
</properties>
  <testcase name="test01" classname="com.itheima.SpringbootMybatisCrudApplicationTests" time="0.836"/>
  <testcase name="test02" classname="com.itheima.SpringbootMybatisCrudApplicationTests" time="0.093"/>
</testsuite>